C51 COMPILER V9.60.7.0   ENGINE                                                            04/01/2026 17:07:20 PAGE 1   


C51 COMPILER V9.60.7.0, COMPILATION OF MODULE ENGINE
OBJECT MODULE PLACED IN .\Release\Objects\engine.obj
COMPILER INVOKED BY: C:\Keil_v5\C51\BIN\C51.EXE ..\..\User\engine.c LARGE OPTIMIZE(9,SIZE) BROWSE INTVECTOR(0X000C) INCD
                    -IR(..\..\Libraries\Include;..\..\User) INTERVAL(3) DEBUG OBJECTEXTEND PRINT(.\Release\Listings\engine.lst) OBJECT(.\Rele
                    -ase\Objects\engine.obj)

line level    source

   1          #include "my_config.h"
   2          #include "engine.h"
   3          
   4          /*
   5              ж»ӨжіўгҖҒеҲӨж–ӯз”өеҺӢжҳҜеҗҰжңүи·іеҠЁпјҢдёҖж®өж—¶й—ҙеҶ…з”өеҺӢжө®еҠЁиҝҮеӨ§пјҢ
   6              жүҖдҪҝз”ЁеҲ°зҡ„иҝҷдәӣеҸҳйҮҸ
   7          */
   8          #define FILTER_BUFF_SIZE 32
   9          #define FILTER_BUFF_2_SIZE 270 // 270 -- еҜ№еә” 5.83ms жү§иЎҢдёҖж¬Ўзҡ„еҮҪж•° according_pin9_to_adjust_pwmп
             -јҢж—¶й—ҙи¶ҠзҹӯпјҢж•°з»„йңҖиҰҒеҠ еӨ§
  10          // #define FILTER_BUFF_2_SIZE 540 // 540 -- еҜ№еә” 2.93ms жү§иЎҢдёҖж¬Ўзҡ„еҮҪж•° according_pin9_to_adjust_p
             -wmпјҢж—¶й—ҙи¶ҠзҹӯпјҢж•°з»„йңҖиҰҒеҠ еӨ§
  11          static volatile u16 t_count = 0;
  12          static volatile u16 t_adc_max = 0;    // еӯҳж”ҫдёҖж®өж—¶й—ҙеҶ…йҮҮйӣҶеҲ°зҡ„жңҖеӨ§adеҖј
  13          static volatile u16 t_adc_min = 4096; // еӯҳж”ҫдёҖж®өж—¶й—ҙеҶ…йҮҮйӣҶеҲ°зҡ„жңҖе°ҸadеҖј
  14          static volatile u8 over_drive_status = 0;
  15          #define OVER_DRIVE_RESTART_TIME (30)
  16          
  17          static volatile u16 filter_buff[FILTER_BUFF_SIZE] = {
  18              0xFFFF,
  19          };
  20          
  21          static volatile u16 filter_buff_2[FILTER_BUFF_2_SIZE]; // з”ЁдәҺж»Өжіўзҡ„ж•°з»„
  22          static volatile u16 filter_buff_2_index;               // з”ЁдәҺи®°еҪ•ж»Өжіўзҡ„ж•°з»„дёӢж Ү
  23          
  24          volatile bit flag_is_time_to_check_engine; // ж Үеҝ—дҪҚпјҢжҳҜеҗҰеҲ°ж—¶й—ҙеҺ»и°ғз”ЁжЈҖжөӢеҸ‘еҠЁжңәеҠҹзҺҮзҡ„
             -еҮҪж•°
  25          
  26          /*
  27              з”өжәҗз”өеҺӢдҪҺдәҺ170V-AC,еҗҜеҠЁдҪҺеҺӢдҝқжҠӨпјҢз”өжәҗз”өеҺӢй«ҳдәҺ170V-ACпјҢе…ій—ӯдҪҺеҺӢдҝқжҠӨ
  28              жё©еәҰжӯЈеёёпјҢжүҚдјҡиҝӣе…ҘеҲ°иҝҷйҮҢ
  29              жіЁж„ҸпјҢжҜҸж¬Ўи°ғз”ЁеҲ°иҜҘеҮҪж•°пјҢеә”иҜҘеңЁ5.75msе·ҰеҸіпјҢжЈҖжөӢеҸ‘еҠЁжңәеҠҹзҺҮдёҚзЁіе®ҡзҡ„еҺҹзҗҶжҳҜ
             -жЈҖжөӢйў‘зҺҮпјҢ
  30              еҰӮжһңдёҚеңЁ5.75msйҷ„иҝ‘пјҢеҸҜиғҪдјҡеҜјиҮҙжЈҖжөӢдёҚеҮҶзЎ®пјҢжЈҖжөӢдёҚеҲ°еҸ‘еҠЁжңәеҠҹзҺҮдёҚзЁіе®ҡ
  31          */
  32          void according_pin9_to_adjust_pwm(void)
  33          {
  34   1          static volatile u8 filter_buff_index = 0;
  35   1          static volatile u8 flag_is_sub_power = 0;  // ж Үеҝ—дҪҚпјҢжҳҜеҗҰиҰҒиҝһз»ӯеҮҸеҠҹзҺҮпјҲзҠ¶жҖҒжңәпјү
  36   1          static volatile u8 flag_is_sub_power2 = 0; // ж Үеҝ—дҪҚпјҢжҳҜеҗҰиҰҒиҝһз»ӯеҮҸеҠҹзҺҮ
  37   1          static volatile bit flag_is_add_power = 0; // ж Үеҝ—дҪҚпјҢжҳҜеҗҰиҰҒиҝһз»ӯеўһеҠҹзҺҮ
  38   1      
  39   1          // volatile bit flag_is_engine_unstable = 0; // ж Үеҝ—дҪҚпјҢжҳҜеҗҰжЈҖжөӢеҲ°дәҶеҸ‘еҠЁжңәеҠҹзҺҮдёҚзЁіе®ҡ
             -пјҢеҸӘеңЁиҜҘеҮҪж•°еҶ…дҪҝз”Ё
  40   1      
  41   1          volatile u32 adc_pin_9_avg = 0;             // еӯҳж”ҫе№іеқҮеҖј
  42   1          static volatile u16 adc_val = 0;
  43   1          static volatile u8 is_init = 0; // жҳҜеҗҰеҲқе§ӢеҢ–
  44   1          
  45   1          if (adc_get_flag(ADC_SEL_PIN_ENGINE))
  46   1          {
  47   2              adc_val = adc_get_val(ADC_SEL_PIN_ENGINE);
  48   2              adc_clear_flag(ADC_SEL_PIN_ENGINE);
C51 COMPILER V9.60.7.0   ENGINE                                                            04/01/2026 17:07:20 PAGE 2   

  49   2      
  50   2              if (is_init == 0)
  51   2              {
  52   3                  is_init = 1; // иЎЁзӨәиҮіе°‘иҺ·еҸ–дәҶдёҖж¬ЎadеҖјж•°жҚ®
  53   3              }
  54   2          }
  55   1      
  56   1          if (0 == is_init)
  57   1          {
  58   2              // еҰӮжһңжІЎжңүиҺ·еҸ–иҝҮж•°жҚ®пјҢзӣҙжҺҘиҝ”еӣһ
  59   2              return;
  60   2          }  
  61   1      
  62   1          if (filter_buff[0] == 0xFFFF) // еҰӮжһңжҳҜз¬¬дёҖж¬ЎжЈҖжөӢпјҢи®©ж•°з»„еҶ…жүҖжңүе…ғзҙ йғҪеҸҳдёәз¬¬дёҖж¬Ў
             -йҮҮйӣҶзҡ„ж•°жҚ®пјҢж–№дҫҝеҝ«йҖҹдҪңеҮәеҸҳеҢ–
  63   1          {
  64   2              u16 i = 0;
  65   2              for (; i < ARRAY_SIZE(filter_buff); i++)
  66   2              {
  67   3                  filter_buff[i] = adc_val;
  68   3              }
  69   2      
  70   2              for (i = 0; i < ARRAY_SIZE(filter_buff_2); i++)
  71   2              {
  72   3                  filter_buff_2[i] = adc_val;
  73   3              }
  74   2          }
  75   1          else
  76   1          {
  77   2              u16 temp = filter_buff[filter_buff_index];
  78   2              temp += adc_val;
  79   2              temp >>= 1;
  80   2              filter_buff[filter_buff_index] = temp;
  81   2              filter_buff_index++;
  82   2              if (filter_buff_index >= ARRAY_SIZE(filter_buff))
  83   2              {
  84   3                  filter_buff_index = 0;
  85   3              }
  86   2          }
  87   1      
  88   1          { // еҸ–еҮәж•°з»„еҶ…зҡ„ж•°жҚ®пјҢи®Ўз®—е№іеқҮеҖј
  89   2              u16 i = 0;
  90   2              for (; i < ARRAY_SIZE(filter_buff); i++)
  91   2              {
  92   3                  adc_pin_9_avg += filter_buff[i];
  93   3              }
  94   2      
  95   2              // adc_pin_9_avg /= ARRAY_SIZE(filter_buff);
  96   2              adc_pin_9_avg >>= 5; // зӣёеҪ“дәҺ /= 32
  97   2          } // еҸ–еҮәж•°з»„еҶ…зҡ„ж•°жҚ®пјҢи®Ўз®—е№іеқҮеҖј
  98   1      
  99   1          // еңЁеүҚйқўж»Өжіўзҡ„еҹәзЎҖдёҠеҶҚиҝӣиЎҢдёҖж¬Ўж»Өжіў
 100   1          filter_buff_2[filter_buff_2_index] = adc_pin_9_avg;
 101   1          filter_buff_2_index++;
 102   1          if (filter_buff_2_index >= ARRAY_SIZE(filter_buff_2))
 103   1          {
 104   2              filter_buff_2_index = 0;
 105   2          }
 106   1      
 107   1          {
 108   2              u16 i = 0;
 109   2              t_adc_max = 0;
C51 COMPILER V9.60.7.0   ENGINE                                                            04/01/2026 17:07:20 PAGE 3   

 110   2              t_adc_min = 4096;
 111   2              for (; i < ARRAY_SIZE(filter_buff_2); i++)
 112   2              {
 113   3                  if (filter_buff_2[i] > t_adc_max)
 114   3                  {
 115   4                      t_adc_max = filter_buff_2[i];
 116   4                  }
 117   3                  if (filter_buff_2[i] < t_adc_min)
 118   3                  {
 119   4                      t_adc_min = filter_buff_2[i];
 120   4                  }
 121   3                  if ((t_adc_max - t_adc_min) > ADC_OVER_DRIVE_VAL)
 122   3                  { // з”өеҺӢжіўеҠЁ
 123   4                      over_drive_status = OVER_DRIVE_RESTART_TIME;
 124   4                  }
 125   3                  else
 126   3                  {
 127   4                      if (over_drive_status)
 128   4                          over_drive_status--;
 129   4                  }
 130   3              }
 131   2      
 132   2              // MY_DEBUG:
 133   2              // {
 134   2              //     // ж №жҚ®еҸ‘еҠЁжңәдёҚзЁіе®ҡйҷҚеҠҹзҺҮзҡ„еҠҹиғҪжӯЈеёёж—¶пјҢжөӢеҫ—жҳҜ5.83msжү§иЎҢдёҖж¬ЎпјҢжҜҸ1
             -00ж¬Ўжү“еҚ°дёҖж¬ЎпјҢе№іеқҮиҖ—ж—¶жҳҜ583ms
 135   2              //     // еҰӮжһңеҫӘзҺҜеӨ§дәҺ5.83msпјҢеңЁе®ўжҲ·йӮЈйҮҢжөӢиҜ•еҘҪеғҸеҠҹиғҪд№ҹжӯЈеёёпјҢе®ўжҲ·жІЎжңүиҝӣд
             -ёҖжӯҘеҸҚйҰҲ
 136   2              //     static u8 cnt = 0;
 137   2              //     cnt++;
 138   2              //     if (cnt >= 100)
 139   2              //     {
 140   2              //         cnt = 0;
 141   2              //         printf("__LINE__ %u\n", __LINE__);
 142   2              //     }
 143   2              // }
 144   2          }
 145   1      
 146   1          if (adc_pin_9_avg >= (ADC_VAL_170VAC + ADC_DEAD_ZONE_NEAR_170VAC) ||
 147   1              (flag_is_add_power && adc_pin_9_avg > (ADC_VAL_170VAC + ADC_DEAD_ZONE_NEAR_170VAC))) // еӨ§дәҺ 170
             -VAC
 148   1          {
 149   2              // еӨ§дәҺ170VACпјҢжҒўеӨҚ100%еҚ з©әжҜ”пјҢдҪҶжҳҜдјҳе…Ҳзә§жҜ” "9и„ҡз”өеҺӢжЈҖжөӢеҲ°еҸ‘йҖҒжңәеҠҹзҺҮдёҚз
             -Ёіе®ҡпјҢиҝӣиҖҢйҷҚеҠҹзҺҮ" дҪҺ
 150   2              flag_is_sub_power = 0;
 151   2              flag_is_sub_power2 = 0;
 152   2              flag_is_add_power = 1;
 153   2      
 154   2              if (over_drive_status == OVER_DRIVE_RESTART_TIME) // 9и„ҡз”өеҺӢи¶…иҝҮдёҚзЁіе®ҡйҳҲеҖјеҜ№еә”зҡ„з”өеҺ
             -Ӣ
 155   2              {
 156   3                  over_drive_status -= 1;
 157   3                  if (limited_pwm_duty_due_to_unstable_engine > PWM_DUTY_50_PERCENT)
 158   3                  {
 159   4                      limited_pwm_duty_due_to_unstable_engine -= 1;
 160   4                  }
 161   3      
 162   3                  if (limited_pwm_duty_due_to_unstable_engine < PWM_DUTY_50_PERCENT)
 163   3                  {
 164   4                      limited_pwm_duty_due_to_unstable_engine = PWM_DUTY_50_PERCENT;
 165   4                  }
 166   3              }
C51 COMPILER V9.60.7.0   ENGINE                                                            04/01/2026 17:07:20 PAGE 4   

 167   2              else if (over_drive_status == 0)
 168   2              {
 169   3                  // жңӘж»ЎиҪҪ pwm++
 170   3                  if (flag_is_pwm_add_time_comes) // pwmеҚ з©әжҜ”йҖ’еўһж—¶й—ҙеҲ°жқҘ
 171   3                  {
 172   4                      flag_is_pwm_add_time_comes = 0;
 173   4                      if (limited_pwm_duty_due_to_unstable_engine < PWM_DUTY_100_PERCENT)
 174   4                      {
 175   5                          limited_pwm_duty_due_to_unstable_engine++;
 176   5                      }
 177   4                  }
 178   3              }
 179   2          }
 180   1          else if (adc_pin_9_avg > (ADC_VAL_LOWER_THAN_170VAC) &&
 181   1                   (adc_pin_9_avg <= (ADC_VAL_170VAC) || flag_is_sub_power == 4)) // е°ҸдәҺ 170VAC
 182   1          {
 183   2              // й”Ғе®ҡжңҖеӨ§зҡ„еҚ з©әжҜ”дёә50%пјҢе№¶дё”з»ҷзӣёеә”ж Үеҝ—дҪҚзҪ®дёҖ
 184   2              if (flag_is_pwm_sub_time_comes) // pwmеҚ з©әжҜ”йҖ’еҮҸж—¶й—ҙеҲ°жқҘ
 185   2              {
 186   3                  flag_is_pwm_sub_time_comes = 0;
 187   3      
 188   3                  if (flag_is_sub_power < 4)
 189   3                  {
 190   4                      flag_is_sub_power++;
 191   4                  }
 192   3      
 193   3                  flag_is_sub_power2 = 0;
 194   3                  flag_is_add_power = 0;
 195   3      
 196   3                  if (limited_pwm_duty_due_to_unstable_engine > PWM_DUTY_50_PERCENT)
 197   3                  {
 198   4                      limited_pwm_duty_due_to_unstable_engine -= 2;
 199   4                  }
 200   3                  else if (limited_pwm_duty_due_to_unstable_engine < PWM_DUTY_50_PERCENT)
 201   3                  {
 202   4                      limited_pwm_duty_due_to_unstable_engine++;
 203   4                  }
 204   3                  else
 205   3                  {
 206   4                      limited_pwm_duty_due_to_unstable_engine = PWM_DUTY_50_PERCENT;
 207   4                  }
 208   3              }
 209   2          }
 210   1          else if (adc_pin_9_avg <= (ADC_VAL_LOWER_THAN_170VAC) || (flag_is_sub_power2)) // е°ҸдәҺ 170VAC
 211   1          {
 212   2              // й”Ғе®ҡжңҖеӨ§зҡ„еҚ з©әжҜ”дёә50%пјҢе№¶дё”з»ҷзӣёеә”ж Үеҝ—дҪҚзҪ®дёҖ
 213   2              if (flag_is_pwm_sub_time_comes) // pwmеҚ з©әжҜ”йҖ’еҮҸж—¶й—ҙеҲ°жқҘ
 214   2              {
 215   3                  flag_is_pwm_sub_time_comes = 0;
 216   3      
 217   3                  flag_is_sub_power2 = 1;
 218   3                  flag_is_sub_power = 0;
 219   3                  flag_is_add_power = 0;
 220   3      
 221   3                  if (limited_pwm_duty_due_to_unstable_engine > PWM_DUTY_30_PERCENT)
 222   3                  {
 223   4                      limited_pwm_duty_due_to_unstable_engine -= 2;
 224   4                  }
 225   3                  else
 226   3                  {
 227   4                      limited_pwm_duty_due_to_unstable_engine = PWM_DUTY_30_PERCENT;
 228   4                  }
C51 COMPILER V9.60.7.0   ENGINE                                                            04/01/2026 17:07:20 PAGE 5   

 229   3              }
 230   2          }
 231   1      }


MODULE INFORMATION:   STATIC OVERLAYABLE
   CODE SIZE        =    864    ----
   CONSTANT SIZE    =   ----    ----
   XDATA SIZE       =    619       6
   PDATA SIZE       =   ----    ----
   DATA SIZE        =   ----    ----
   IDATA SIZE       =   ----    ----
   BIT SIZE         =      2    ----
END OF MODULE INFORMATION.


C51 COMPILATION COMPLETE.  0 WARNING(S),  0 ERROR(S)
